<?xml version="1.0" encoding="UTF-8"?>
<testsuite xmlns:xsi="http://www.w3.org/2001/XMLSchema-instance" xsi:noNamespaceSchemaLocation="https://maven.apache.org/surefire/maven-surefire-plugin/xsd/surefire-test-report-3.0.xsd" version="3.0" name="com.example.taskmanagement.TaskManagementApplicationTests" time="6.057" tests="1" errors="0" skipped="0" failures="0">
  <properties>
[...]
</properties>
  <testcase name="contextLoads" classname="com.example.taskmanagement.TaskManagementApplicationTests" time="0.618">
    <system-out><![CDATA[16:46:00.820 [main] INFO org.springframework.test.context.support.AnnotationConfigContextLoaderUtils -- Could not detect default configuration classes for test class [com.example.taskmanagement.TaskManagementApplicationTests]: TaskManagementApplicationTests does not declare any static, non-private, non-final, nested classes annotated with @Configuration.
16:46:00.914 [main] INFO org.springframework.boot.test.context.SpringBootTestContextBootstrapper -- Found @SpringBootConfiguration com.example.taskmanagement.TaskManagementApplication for test class com.example.taskmanagement.TaskManagementApplicationTests

  .   ____          _            __ _ _
 /\\ / ___'_ __ _ _(_)_ __  __ _ \ \ \ \
( ( )\___ | '_ | '_| | '_ \/ _` | \ \ \ \
 \\/  ___)| |_)| | | | | || (_| |  ) ) ) )
  '  |____| .__|_| |_|_| |_\__, | / / / /
 =========|_|==============|___/=/_/_/_/

 :: Spring Boot ::                (v3.3.3)

2024-09-16T16:46:01.273+01:00  INFO 14080 --- [TaskManagement] [           main] c.e.t.TaskManagementApplicationTests     : Starting TaskManagementApplicationTests using Java 17.0.11 with PID 14080 (started by mre in C:\Users\mre\Desktop\Learning\springboot\TaskManagement)
2024-09-16T16:46:01.274+01:00  INFO 14080 --- [TaskManagement] [           main] c.e.t.TaskManagementApplicationTests     : No active profile set, falling back to 1 default profile: "default"
2024-09-16T16:46:02.079+01:00  INFO 14080 --- [TaskManagement] [           main] .s.d.r.c.RepositoryConfigurationDelegate : Bootstrapping Spring Data JPA repositories in DEFAULT mode.
2024-09-16T16:46:02.154+01:00  INFO 14080 --- [TaskManagement] [           main] .s.d.r.c.RepositoryConfigurationDelegate : Finished Spring Data repository scanning in 68 ms. Found 4 JPA repository interfaces.
2024-09-16T16:46:02.742+01:00  INFO 14080 --- [TaskManagement] [           main] o.hibernate.jpa.internal.util.LogHelper  : HHH000204: Processing PersistenceUnitInfo [name: default]
2024-09-16T16:46:02.790+01:00  INFO 14080 --- [TaskManagement] [           main] org.hibernate.Version                    : HHH000412: Hibernate ORM core version 6.5.2.Final
2024-09-16T16:46:02.823+01:00  INFO 14080 --- [TaskManagement] [           main] o.h.c.internal.RegionFactoryInitiator    : HHH000026: Second-level cache disabled
2024-09-16T16:46:03.203+01:00  INFO 14080 --- [TaskManagement] [           main] o.s.o.j.p.SpringPersistenceUnitInfo      : No LoadTimeWeaver setup: ignoring JPA class transformer
2024-09-16T16:46:03.229+01:00  INFO 14080 --- [TaskManagement] [           main] com.zaxxer.hikari.HikariDataSource       : HikariPool-1 - Starting...
2024-09-16T16:46:03.440+01:00  INFO 14080 --- [TaskManagement] [           main] com.zaxxer.hikari.pool.HikariPool        : HikariPool-1 - Added connection org.postgresql.jdbc.PgConnection@1dcca426
2024-09-16T16:46:03.441+01:00  INFO 14080 --- [TaskManagement] [           main] com.zaxxer.hikari.HikariDataSource       : HikariPool-1 - Start completed.
2024-09-16T16:46:03.476+01:00  WARN 14080 --- [TaskManagement] [           main] org.hibernate.orm.deprecation            : HHH90000025: PostgreSQLDialect does not need to be specified explicitly using 'hibernate.dialect' (remove the property setting and it will be selected by default)
2024-09-16T16:46:04.298+01:00  INFO 14080 --- [TaskManagement] [           main] o.h.e.t.j.p.i.JtaPlatformInitiator       : HHH000489: No JTA platform available (set 'hibernate.transaction.jta.platform' to enable JTA platform integration)
2024-09-16T16:46:04.528+01:00  INFO 14080 --- [TaskManagement] [           main] j.LocalContainerEntityManagerFactoryBean : Initialized JPA EntityManagerFactory for persistence unit 'default'
2024-09-16T16:46:04.951+01:00  WARN 14080 --- [TaskManagement] [           main] JpaBaseConfiguration$JpaWebConfiguration : spring.jpa.open-in-view is enabled by default. Therefore, database queries may be performed during view rendering. Explicitly configure spring.jpa.open-in-view to disable this warning
2024-09-16T16:46:05.001+01:00  INFO 14080 --- [TaskManagement] [           main] r$InitializeUserDetailsManagerConfigurer : Global AuthenticationManager configured with UserDetailsService bean with name customUserDetailsService
2024-09-16T16:46:05.429+01:00  INFO 14080 --- [TaskManagement] [           main] o.s.b.a.e.web.EndpointLinksResolver      : Exposing 1 endpoint beneath base path '/actuator'
2024-09-16T16:46:06.063+01:00  INFO 14080 --- [TaskManagement] [           main] c.e.t.TaskManagementApplicationTests     : Started TaskManagementApplicationTests in 5.007 seconds (process running for 5.934)
]]></system-out>
  </testcase>
</testsuite>